C:\USERS\Администратор\DOCUMENTS\VISUAL STUDIO 2012\PROJECTS\TORRENT_SEARCHER\TORRENT_SEARCHER\DEBUG\WIDGETFORM.OBJ
C:\USERS\Администратор\DOCUMENTS\VISUAL STUDIO 2012\PROJECTS\TORRENT_SEARCHER\TORRENT_SEARCHER\DEBUG\MYFORM.OBJ
C:\USERS\АДМИНИСТРАТОР\DOCUMENTS\VISUAL STUDIO 2012\PROJECTS\TORRENT_SEARCHER\TORRENT_SEARCHER\DEBUG\VC110.PDB
C:\USERS\Администратор\DOCUMENTS\VISUAL STUDIO 2012\PROJECTS\TORRENT_SEARCHER\DEBUG\TORRENT_SEARCHER.ILK
C:\USERS\Администратор\DOCUMENTS\VISUAL STUDIO 2012\PROJECTS\TORRENT_SEARCHER\DEBUG\TORRENT_SEARCHER.EXE
C:\USERS\АДМИНИСТРАТОР\DOCUMENTS\VISUAL STUDIO 2012\PROJECTS\TORRENT_SEARCHER\DEBUG\TORRENT_SEARCHER.PDB
C:\Users\Администратор\documents\visual studio 2012\Projects\torrent_searcher\torrent_searcher\Debug\torrent_searcher.MyForm.resources
C:\Users\Администратор\documents\visual studio 2012\Projects\torrent_searcher\torrent_searcher\Debug\torrent_searcher.widgetform.resources
C:\Users\Администратор\documents\visual studio 2012\Projects\torrent_searcher\torrent_searcher\Debug\torrent_searcher.vcxproj.GenerateResource.Cache
C:\Users\Администратор\documents\visual studio 2012\Projects\torrent_searcher\torrent_searcher\Debug\MyForm.obj
C:\Users\Администратор\documents\visual studio 2012\Projects\torrent_searcher\torrent_searcher\Debug\widgetform.obj
C:\Users\Администратор\documents\visual studio 2012\Projects\torrent_searcher\torrent_searcher\Debug\cl.command.1.tlog
C:\Users\Администратор\documents\visual studio 2012\Projects\torrent_searcher\torrent_searcher\Debug\CL.read.1.tlog
C:\Users\Администратор\documents\visual studio 2012\Projects\torrent_searcher\torrent_searcher\Debug\CL.write.1.tlog
C:\Users\Администратор\documents\visual studio 2012\Projects\torrent_searcher\torrent_searcher\Debug\link.3552-cvtres.read.1.tlog
C:\Users\Администратор\documents\visual studio 2012\Projects\torrent_searcher\torrent_searcher\Debug\link.3552-cvtres.write.1.tlog
C:\Users\Администратор\documents\visual studio 2012\Projects\torrent_searcher\torrent_searcher\Debug\link.3552-rc.read.1.tlog
C:\Users\Администратор\documents\visual studio 2012\Projects\torrent_searcher\torrent_searcher\Debug\link.3552-rc.write.1.tlog
C:\Users\Администратор\documents\visual studio 2012\Projects\torrent_searcher\torrent_searcher\Debug\link.3552.read.1.tlog
C:\Users\Администратор\documents\visual studio 2012\Projects\torrent_searcher\torrent_searcher\Debug\link.3552.write.1.tlog
C:\Users\Администратор\documents\visual studio 2012\Projects\torrent_searcher\torrent_searcher\Debug\link.command.1.tlog
C:\Users\Администратор\documents\visual studio 2012\Projects\torrent_searcher\torrent_searcher\Debug\link.read.1.tlog
C:\Users\Администратор\documents\visual studio 2012\Projects\torrent_searcher\torrent_searcher\Debug\link.write.1.tlog
C:\Users\Администратор\documents\visual studio 2012\Projects\torrent_searcher\torrent_searcher\Debug\metagen.read.1.tlog
C:\Users\Администратор\documents\visual studio 2012\Projects\torrent_searcher\torrent_searcher\Debug\metagen.write.1.tlog
C:\Users\Администратор\documents\visual studio 2012\Projects\torrent_searcher\torrent_searcher\Debug\torrent_searcher.write.1.tlog
C:\Users\Администратор\documents\visual studio 2012\Projects\torrent_searcher\torrent_searcher\Debug\vc110.pdb
C:\Users\Администратор\documents\visual studio 2012\Projects\torrent_searcher\Debug\torrent_searcher.pdb
C:\Users\Администратор\documents\visual studio 2012\Projects\torrent_searcher\Debug\torrent_searcher.exe
C:\Users\Администратор\documents\visual studio 2012\Projects\torrent_searcher\Debug\torrent_searcher.ilk
